#
# There is insufficient memory for the Java Runtime Environment to continue.
# Native memory allocation (mmap) failed to map 65536 bytes. Error detail: Failed to commit metaspace.
# Possible reasons:
#   The system is out of physical RAM or swap space
#   This process is running with CompressedOops enabled, and the Java Heap may be blocking the growth of the native heap
# Possible solutions:
#   Reduce memory load on the system
#   Increase physical memory or swap space
#   Check if swap backing store is full
#   Decrease Java heap size (-Xmx/-Xms)
#   Decrease number of Java threads
#   Decrease Java thread stack sizes (-Xss)
#   Set larger code cache with -XX:ReservedCodeCacheSize=
#   JVM is running with Unscaled Compressed Oops mode in which the Java heap is
#     placed in the first 4GB address space. The Java Heap base address is the
#     maximum limit for the native heap growth. Please use -XX:HeapBaseMinAddress
#     to set the Java Heap base and to place the Java Heap above 4GB virtual address.
# This output file may be truncated or incomplete.
#
#  Out of Memory Error (virtualSpaceNode.cpp:110), pid=30628, tid=12776
#
# JRE version: OpenJDK Runtime Environment Temurin-17.0.11+9 (17.0.11+9) (build 17.0.11+9)
# Java VM: OpenJDK 64-Bit Server VM Temurin-17.0.11+9 (17.0.11+9, mixed mode, tiered, compressed oops, compressed class ptrs, parallel gc, windows-amd64)
# No core dump will be written. Minidumps are not enabled by default on client versions of Windows
#

---------------  S U M M A R Y ------------

Command Line: --add-modules=ALL-SYSTEM --add-opens=java.base/java.util=ALL-UNNAMED --add-opens=java.base/java.lang=ALL-UNNAMED --add-opens=java.base/sun.nio.fs=ALL-UNNAMED -Declipse.application=org.eclipse.jdt.ls.core.id1 -Dosgi.bundles.defaultStartLevel=4 -Declipse.product=org.eclipse.jdt.ls.core.product -Djava.import.generatesMetadataFilesAtProjectRoot=false -DDetectVMInstallationsJob.disabled=true -Dfile.encoding=utf8 -XX:+UseParallelGC -XX:GCTimeRatio=4 -XX:AdaptiveSizePolicyWeight=90 -Dsun.zip.disableMemoryMapping=true -Xmx1G -Xms100m -Xlog:disable -javaagent:c:\Users\preeti.mallad\.vscode\extensions\redhat.java-1.32.0-win32-x64\lombok\lombok-1.18.33.jar -XX:+HeapDumpOnOutOfMemoryError -XX:HeapDumpPath=c:\Users\preeti.mallad\AppData\Roaming\Code\User\workspaceStorage\86b97f814361249c0c4b954cf3c78281\redhat.java -Daether.dependencyCollector.impl=bf c:\Users\preeti.mallad\.vscode\extensions\redhat.java-1.32.0-win32-x64\server\plugins\org.eclipse.equinox.launcher_1.6.900.v20240613-2009.jar -configuration c:\Users\preeti.mallad\AppData\Roaming\Code\User\globalStorage\redhat.java\1.32.0\config_win -data c:\Users\preeti.mallad\AppData\Roaming\Code\User\workspaceStorage\86b97f814361249c0c4b954cf3c78281\redhat.java\jdt_ws --pipe=\\.\pipe\lsp-116939300b11ca42ad646effb09feeb3-sock

Host: Intel(R) Core(TM) i5-8365U CPU @ 1.60GHz, 8 cores, 7G,  Windows 11 , 64 bit Build 22621 (10.0.22621.3672)
Time: Thu Jul 25 18:45:53 2024 India Standard Time elapsed time: 0.515793 seconds (0d 0h 0m 0s)

---------------  T H R E A D  ---------------

Current thread (0x0000023470cc89f0):  JavaThread "main" [_thread_in_vm, id=12776, stack(0x000000e548000000,0x000000e548100000)]

Stack: [0x000000e548000000,0x000000e548100000]
Native frames: (J=compiled Java code, j=interpreted, Vv=VM code, C=native code)
V  [jvm.dll+0x67d429]
V  [jvm.dll+0x834b7a]
V  [jvm.dll+0x83663e]
V  [jvm.dll+0x836ca3]
V  [jvm.dll+0x247dbf]
V  [jvm.dll+0x83083b]
V  [jvm.dll+0x621d56]
V  [jvm.dll+0x621dba]
V  [jvm.dll+0x6245ea]
V  [jvm.dll+0x6226f6]
V  [jvm.dll+0x23d710]
V  [jvm.dll+0x1ec56b]
V  [jvm.dll+0x1e1f11]
V  [jvm.dll+0x54250e]
V  [jvm.dll+0x1f2957]
V  [jvm.dll+0x7ae0cb]
V  [jvm.dll+0x7af499]
V  [jvm.dll+0x7af7e8]
V  [jvm.dll+0x24007e]
V  [jvm.dll+0x2402cf]
V  [jvm.dll+0x560723]
V  [jvm.dll+0x562bd4]
V  [jvm.dll+0x38612b]
V  [jvm.dll+0x385be2]
C  0x00000234075486ff

The last pc belongs to getstatic (printed below).
Java frames: (J=compiled Java code, j=interpreted, Vv=VM code)
j  sun.nio.cs.UTF_8$Encoder.encodeArrayLoop(Ljava/nio/CharBuffer;Ljava/nio/ByteBuffer;)Ljava/nio/charset/CoderResult;+133 java.base@17.0.11
j  sun.nio.cs.UTF_8$Encoder.encodeLoop(Ljava/nio/CharBuffer;Ljava/nio/ByteBuffer;)Ljava/nio/charset/CoderResult;+17 java.base@17.0.11
j  java.nio.charset.CharsetEncoder.encode(Ljava/nio/CharBuffer;Ljava/nio/ByteBuffer;Z)Ljava/nio/charset/CoderResult;+57 java.base@17.0.11
j  sun.nio.cs.StreamEncoder.implWrite(Ljava/nio/CharBuffer;)V+30 java.base@17.0.11
j  sun.nio.cs.StreamEncoder.implWrite([CII)V+11 java.base@17.0.11
j  sun.nio.cs.StreamEncoder.write([CII)V+60 java.base@17.0.11
j  java.io.OutputStreamWriter.write([CII)V+7 java.base@17.0.11
j  java.io.BufferedWriter.flushBuffer()V+34 java.base@17.0.11
j  java.io.PrintStream.writeln(Ljava/lang/String;)V+27 java.base@17.0.11
j  java.io.PrintStream.println(Ljava/lang/Object;)V+19 java.base@17.0.11
j  java.lang.Throwable$WrappedPrintStream.println(Ljava/lang/Object;)V+5 java.base@17.0.11
j  java.lang.Throwable.printStackTrace(Ljava/lang/Throwable$PrintStreamOrWriter;)V+28 java.base@17.0.11
j  java.lang.Throwable.printStackTrace(Ljava/io/PrintStream;)V+9 java.base@17.0.11
j  java.lang.Throwable.printStackTrace()V+4 java.base@17.0.11
v  ~StubRoutines::call_stub
getstatic  178 getstatic  [0x0000023407548660, 0x0000023407548860]  512 bytes
[MachCode]
  0x0000023407548660: 4883 ec08 | c5fa 1104 | 24eb 1f48 | 83ec 10c5 | fb11 0424 | eb14 4883 | ec10 4889 | 0424 48c7 
  0x0000023407548680: 4424 0800 | 0000 00eb | 0150 410f | b755 0148 | 8b4d d0c1 | e202 8b5c | d120 c1eb | 1081 e3ff 
  0x00000234075486a0: 0000 0081 | fbb2 0000 | 000f 84b6 | 0000 00bb | b200 0000 | e805 0000 | 00e9 9b00 | 0000 488b 
  0x00000234075486c0: d348 8d44 | 2408 4c89 | 6dc0 498b | cfc5 f877 | 4989 afa8 | 0200 0049 | 8987 9802 | 0000 4883 
  0x00000234075486e0: ec20 f7c4 | 0f00 0000 | 0f84 1a00 | 0000 4883 | ec08 49ba | 805b 78ef | fc7f 0000 | 41ff d248 
  0x0000023407548700: 83c4 08e9 | 0d00 0000 | 49ba 805b | 78ef fc7f | 0000 41ff | d248 83c4 | 2049 c787 | 9802 0000 
  0x0000023407548720: 0000 0000 | 49c7 87a8 | 0200 0000 | 0000 0049 | c787 a002 | 0000 0000 | 0000 c5f8 | 7749 817f 
  0x0000023407548740: 0800 0000 | 000f 8405 | 0000 00e9 | b087 feff | 4c8b 6dc0 | 4c8b 75c8 | c341 0fb7 | 5501 488b 
  0x0000023407548760: 4dd0 c1e2 | 0248 8b5c | d130 8b44 | d138 4c8b | 4cd1 284d | 8b49 704d | 8b09 c1e8 | 1c83 e00f 
  0x0000023407548780: 0f85 0b00 | 0000 410f | be04 1950 | e9b1 0000 | 0083 f801 | 0f85 0b00 | 0000 410f | b604 1950 
  0x00000234075487a0: e99d 0000 | 0083 f808 | 0f85 0a00 | 0000 418b | 0419 50e9 | 8a00 0000 | 83f8 040f | 850a 0000 
  0x00000234075487c0: 0041 8b04 | 1950 e977 | 0000 0083 | f802 0f85 | 0b00 0000 | 410f b704 | 1950 e963 | 0000 0083 
  0x00000234075487e0: f803 0f85 | 0b00 0000 | 410f bf04 | 1950 e94f | 0000 0083 | f805 0f85 | 1a00 0000 | 498b 0419 
  0x0000023407548800: 4883 ec10 | 4889 0424 | 48c7 4424 | 0800 0000 | 00e9 2c00 | 0000 83f8 | 060f 8514 | 0000 00c4 
  0x0000023407548820: c17a 1004 | 1948 83ec | 08c5 fa11 | 0424 e90f | 0000 00c4 | c17b 1004 | 1948 83ec | 10c5 fb11 
  0x0000023407548840: 0424 410f | b65d 0349 | 83c5 0349 | bad0 a9fa | effc 7f00 | 0041 ff24 | da0f 1f80 | 0000 0000 
[/MachCode]

---------------  P R O C E S S  ---------------

Threads class SMR info:
_java_thread_list=0x000002347aae7750, length=11, elements={
0x0000023470cc89f0, 0x0000023475b1d4c0, 0x000002347aa0a000, 0x000002347aa32440,
0x000002347aa34e20, 0x000002347aa37800, 0x000002347aa465c0, 0x000002347aa46dd0,
0x000002347aaab400, 0x000002347aaaeec0, 0x000002347ab50480
}

Java Threads: ( => current thread )
=>0x0000023470cc89f0 JavaThread "main" [_thread_in_vm, id=12776, stack(0x000000e548000000,0x000000e548100000)]
  0x0000023475b1d4c0 JavaThread "Reference Handler" daemon [_thread_blocked, id=14516, stack(0x000000e548300000,0x000000e548400000)]
  0x000002347aa0a000 JavaThread "Finalizer" daemon [_thread_blocked, id=24956, stack(0x000000e548400000,0x000000e548500000)]
  0x000002347aa32440 JavaThread "Signal Dispatcher" daemon [_thread_blocked, id=24596, stack(0x000000e548500000,0x000000e548600000)]
  0x000002347aa34e20 JavaThread "Attach Listener" daemon [_thread_blocked, id=34840, stack(0x000000e548600000,0x000000e548700000)]
  0x000002347aa37800 JavaThread "Service Thread" daemon [_thread_blocked, id=19772, stack(0x000000e548700000,0x000000e548800000)]
  0x000002347aa465c0 JavaThread "Monitor Deflation Thread" daemon [_thread_blocked, id=7248, stack(0x000000e548800000,0x000000e548900000)]
  0x000002347aa46dd0 JavaThread "C2 CompilerThread0" daemon [_thread_blocked, id=35764, stack(0x000000e548900000,0x000000e548a00000)]
  0x000002347aaab400 JavaThread "C1 CompilerThread0" daemon [_thread_blocked, id=32596, stack(0x000000e548a00000,0x000000e548b00000)]
  0x000002347aaaeec0 JavaThread "Sweeper thread" daemon [_thread_blocked, id=1700, stack(0x000000e548b00000,0x000000e548c00000)]
  0x000002347ab50480 JavaThread "Common-Cleaner" daemon [_thread_blocked, id=35320, stack(0x000000e548c00000,0x000000e548d00000)]

Other Threads:
  0x0000023470d3ebc0 VMThread "VM Thread" [stack: 0x000000e548200000,0x000000e548300000] [id=11332]
  0x0000023470cdbf90 GCTaskThread "GC Thread#0" [stack: 0x000000e548100000,0x000000e548200000] [id=30712]

Threads with active compile tasks:

VM state: not at safepoint (normal execution)

VM Mutex/Monitor currently owned by a thread:  ([mutex/lock_event])
[0x000002346e7e86d0] Metaspace_lock - owner thread: 0x0000023470cc89f0

Heap address: 0x00000000c0000000, size: 1024 MB, Compressed Oops mode: 32-bit

CDS archive(s) not mapped
Compressed class space mapped at: 0x0000000100000000-0x0000000140000000, reserved size: 1073741824
Narrow klass base: 0x0000000000000000, Narrow klass shift: 3, Narrow klass range: 0x140000000

GC Precious Log:
 CPUs: 8 total, 8 available
 Memory: 7998M
 Large Page Support: Disabled
 NUMA Support: Disabled
 Compressed Oops: Enabled (32-bit)
 Alignments: Space 512K, Generation 512K, Heap 2M
 Heap Min Capacity: 100M
 Heap Initial Capacity: 100M
 Heap Max Capacity: 1G
 Pre-touch: Disabled
 Parallel Workers: 8

Heap:
 PSYoungGen      total 29696K, used 2560K [0x00000000eab00000, 0x00000000ecc00000, 0x0000000100000000)
  eden space 25600K, 10% used [0x00000000eab00000,0x00000000ead801e8,0x00000000ec400000)
  from space 4096K, 0% used [0x00000000ec800000,0x00000000ec800000,0x00000000ecc00000)
  to   space 4096K, 0% used [0x00000000ec400000,0x00000000ec400000,0x00000000ec800000)
 ParOldGen       total 68608K, used 0K [0x00000000c0000000, 0x00000000c4300000, 0x00000000eab00000)
  object space 68608K, 0% used [0x00000000c0000000,0x00000000c0000000,0x00000000c4300000)
 Metaspace       used 5019K, committed 5120K, reserved 1114112K
  class space    used 474K, committed 512K, reserved 1048576K

Card table byte_map: [0x0000023470650000,0x0000023470860000] _byte_map_base: 0x0000023470050000

Marking Bits: (ParMarkBitMap*) 0x00007ffceff9d820
 Begin Bits: [0x0000023473920000, 0x0000023474920000)
 End Bits:   [0x0000023474920000, 0x0000023475920000)

Polling page: 0x0000023470440000

Metaspace:

Usage:
  Non-class:      4.44 MB used.
      Class:    474.44 KB used.
       Both:      4.90 MB used.

Virtual space:
  Non-class space:       64.00 MB reserved,       4.50 MB (  7%) committed,  1 nodes.
      Class space:        1.00 GB reserved,     512.00 KB ( <1%) committed,  1 nodes.
             Both:        1.06 GB reserved,       5.00 MB ( <1%) committed. 

Chunk freelists:
   Non-Class:  11.00 MB
       Class:  15.53 MB
        Both:  26.52 MB

MaxMetaspaceSize: unlimited
CompressedClassSpaceSize: 1.00 GB
Initial GC threshold: 21.00 MB
Current GC threshold: 21.00 MB
CDS: off
MetaspaceReclaimPolicy: balanced
 - commit_granule_bytes: 65536.
 - commit_granule_words: 8192.
 - virtual_space_node_default_size: 8388608.
 - enlarge_chunks_in_place: 1.
 - new_chunks_are_fully_committed: 0.
 - uncommit_free_chunks: 1.
 - use_allocation_guard: 0.
 - handle_deallocations: 1.


Internal statistics:

num_allocs_failed_limit: 0.
num_arena_births: 6.
num_arena_deaths: 0.
num_vsnodes_births: 2.
num_vsnodes_deaths: 0.
num_space_committed: 80.
num_space_uncommitted: 0.
num_chunks_returned_to_freelist: 0.
num_chunks_taken_from_freelist: 11.
num_chunk_merges: 0.
num_chunk_splits: 5.
num_chunks_enlarged: 2.
num_inconsistent_stats: 0.

CodeHeap 'non-profiled nmethods': size=120000Kb used=59Kb max_used=59Kb free=119940Kb
 bounds [0x0000023407ad0000, 0x0000023407d40000, 0x000002340f000000]
CodeHeap 'profiled nmethods': size=120000Kb used=216Kb max_used=216Kb free=119783Kb
 bounds [0x0000023400000000, 0x0000023400270000, 0x0000023407530000]
CodeHeap 'non-nmethods': size=5760Kb used=1082Kb max_used=1083Kb free=4677Kb
 bounds [0x0000023407530000, 0x00000234077a0000, 0x0000023407ad0000]
 total_blobs=551 nmethods=195 adapters=271
 compilation: enabled
              stopped_count=0, restarted_count=0
 full_count=0

Compilation events (20 events):
Event: 0.460 Thread 0x000002347aa46dd0 nmethod 149 0x0000023407add510 code [0x0000023407add6e0, 0x0000023407addcb8]
Event: 0.460 Thread 0x000002347aaab400 nmethod 186 0x0000023400032f90 code [0x0000023400033160, 0x00000234000333f8]
Event: 0.461 Thread 0x000002347aaab400  187       3       java.lang.StringLatin1::indexOf (36 bytes)
Event: 0.461 Thread 0x000002347aa46dd0  155       4       java.util.HashMap::newNode (13 bytes)
Event: 0.461 Thread 0x000002347aaab400 nmethod 187 0x0000023400033510 code [0x00000234000336e0, 0x0000023400033b18]
Event: 0.461 Thread 0x000002347aaab400  188       3       java.lang.invoke.MemberName::testAllFlags (7 bytes)
Event: 0.461 Thread 0x000002347aaab400 nmethod 188 0x0000023400033c90 code [0x0000023400033e20, 0x0000023400033ff8]
Event: 0.461 Thread 0x000002347aaab400  189       1       java.lang.Class::getModule (5 bytes)
Event: 0.461 Thread 0x000002347aaab400 nmethod 189 0x0000023407ade190 code [0x0000023407ade320, 0x0000023407ade3f8]
Event: 0.461 Thread 0x000002347aaab400  190       3       jdk.internal.org.objectweb.asm.SymbolTable::addConstantUtf8 (98 bytes)
Event: 0.462 Thread 0x000002347aa46dd0 nmethod 155 0x0000023407ade490 code [0x0000023407ade620, 0x0000023407ade738]
Event: 0.462 Thread 0x000002347aaab400 nmethod 190 0x0000023400034090 code [0x00000234000342c0, 0x00000234000348b8]
Event: 0.478 Thread 0x000002347aa46dd0  192       4       java.lang.String::charAt (25 bytes)
Event: 0.478 Thread 0x000002347aaab400  193       3       java.lang.AbstractStringBuilder::append (77 bytes)
Event: 0.479 Thread 0x000002347aaab400 nmethod 193 0x0000023400034c10 code [0x0000023400034e20, 0x00000234000354a8]
Event: 0.480 Thread 0x000002347aa46dd0 nmethod 192 0x0000023407adec10 code [0x0000023407aded80, 0x0000023407adee58]
Event: 0.481 Thread 0x000002347aaab400  194       3       java.io.WinNTFileSystem::isSlash (18 bytes)
Event: 0.481 Thread 0x000002347aaab400 nmethod 194 0x0000023400035710 code [0x00000234000358a0, 0x0000023400035a38]
Event: 0.485 Thread 0x000002347aaab400  195       3       java.lang.String::indexOf (7 bytes)
Event: 0.486 Thread 0x000002347aaab400 nmethod 195 0x0000023400035b10 code [0x0000023400035ce0, 0x0000023400035ff8]

GC Heap History (0 events):
No events

Dll operation events (5 events):
Event: 0.081 Loaded shared library c:\Users\preeti.mallad\.vscode\extensions\redhat.java-1.32.0-win32-x64\jre\17.0.11-win32-x86_64\bin\java.dll
Event: 0.466 Loaded shared library c:\Users\preeti.mallad\.vscode\extensions\redhat.java-1.32.0-win32-x64\jre\17.0.11-win32-x86_64\bin\zip.dll
Event: 0.473 Loaded shared library C:\Users\preeti.mallad\.vscode\extensions\redhat.java-1.32.0-win32-x64\jre\17.0.11-win32-x86_64\bin\instrument.dll
Event: 0.497 Loaded shared library C:\Users\preeti.mallad\.vscode\extensions\redhat.java-1.32.0-win32-x64\jre\17.0.11-win32-x86_64\bin\net.dll
Event: 0.503 Loading shared library C:\Users\preeti.mallad\.vscode\extensions\redhat.java-1.32.0-win32-x64\jre\17.0.11-win32-x86_64\bin\nio.dll failed, error code 1455

Deoptimization events (0 events):
No events

Classes unloaded (0 events):
No events

Classes redefined (0 events):
No events

Internal exceptions (4 events):
Event: 0.415 Thread 0x0000023470cc89f0 Exception <a 'java/lang/NoSuchMethodError'{0x00000000eacb5248}: 'void java.lang.invoke.DirectMethodHandle$Holder.invokeStatic(java.lang.Object, java.lang.Object, java.lang.Object)'> (0x00000000eacb5248) 
thrown [s\src\hotspot\share\interpreter\linkResolver.cpp, line 759]
Event: 0.504 Thread 0x0000023470cc89f0 Exception <a 'java/lang/UnsatisfiedLinkError'{0x00000000ead5f050}> (0x00000000ead5f050) 
thrown [s\src\hotspot\share\prims\jvm.cpp, line 3378]
Event: 0.504 Thread 0x0000023470cc89f0 Exception <a 'java/lang/UnsatisfiedLinkError'{0x00000000ead5f050}> (0x00000000ead5f050) 
thrown [s\src\hotspot\share\prims\jni.cpp, line 516]
Event: 0.505 Thread 0x0000023470cc89f0 Exception <a 'java/lang/UnsatisfiedLinkError'{0x00000000ead5f050}> (0x00000000ead5f050) 
thrown [s\src\hotspot\share\oops\instanceKlass.cpp, line 1218]

VM Operations (2 events):
Event: 0.423 Executing VM operation: HandshakeAllThreads
Event: 0.423 Executing VM operation: HandshakeAllThreads done

Events (20 events):
Event: 0.506 loading class java/nio/file/InvalidPathException done
Event: 0.506 loading class java/security/PrivilegedActionException
Event: 0.506 loading class java/security/PrivilegedActionException done
Event: 0.506 loading class java/io/IOException
Event: 0.506 loading class java/io/IOException done
Event: 0.506 loading class java/lang/SecurityException
Event: 0.506 loading class java/lang/SecurityException done
Event: 0.506 loading class java/lang/Throwable$WrappedPrintStream
Event: 0.506 loading class java/lang/Throwable$PrintStreamOrWriter
Event: 0.506 loading class java/lang/Throwable$PrintStreamOrWriter done
Event: 0.506 loading class java/lang/Throwable$WrappedPrintStream done
Event: 0.506 loading class java/nio/CharBuffer
Event: 0.506 loading class java/lang/Readable
Event: 0.506 loading class java/lang/Readable done
Event: 0.507 loading class java/nio/CharBuffer done
Event: 0.507 loading class java/nio/HeapCharBuffer
Event: 0.507 loading class java/nio/HeapCharBuffer done
Event: 0.507 loading class java/lang/StringCoding
Event: 0.507 loading class java/lang/StringCoding done
Event: 0.507 loading class java/nio/charset/CoderResult


Dynamic libraries:
0x00007ff6596d0000 - 0x00007ff6596de000 	c:\Users\preeti.mallad\.vscode\extensions\redhat.java-1.32.0-win32-x64\jre\17.0.11-win32-x86_64\bin\java.exe
0x00007ffda3470000 - 0x00007ffda3687000 	C:\WINDOWS\SYSTEM32\ntdll.dll
0x00007ffda17c0000 - 0x00007ffda1884000 	C:\WINDOWS\System32\KERNEL32.DLL
0x00007ffda0e00000 - 0x00007ffda11ad000 	C:\WINDOWS\System32\KERNELBASE.dll
0x00007ffda0c40000 - 0x00007ffda0d51000 	C:\WINDOWS\System32\ucrtbase.dll
0x00007ffd7b6e0000 - 0x00007ffd7b6f7000 	c:\Users\preeti.mallad\.vscode\extensions\redhat.java-1.32.0-win32-x64\jre\17.0.11-win32-x86_64\bin\jli.dll
0x00007ffda11b0000 - 0x00007ffda135e000 	C:\WINDOWS\System32\USER32.dll
0x00007ffda0d60000 - 0x00007ffda0d86000 	C:\WINDOWS\System32\win32u.dll
0x00007ffd7b8a0000 - 0x00007ffd7b8bb000 	c:\Users\preeti.mallad\.vscode\extensions\redhat.java-1.32.0-win32-x64\jre\17.0.11-win32-x86_64\bin\VCRUNTIME140.dll
0x00007ffd89900000 - 0x00007ffd89b93000 	C:\WINDOWS\WinSxS\amd64_microsoft.windows.common-controls_6595b64144ccf1df_6.0.22621.3672_none_2713b9d173822955\COMCTL32.dll
0x00007ffda2e10000 - 0x00007ffda2e39000 	C:\WINDOWS\System32\GDI32.dll
0x00007ffda1d10000 - 0x00007ffda1db7000 	C:\WINDOWS\System32\msvcrt.dll
0x00007ffda07a0000 - 0x00007ffda08b9000 	C:\WINDOWS\System32\gdi32full.dll
0x00007ffda0940000 - 0x00007ffda09da000 	C:\WINDOWS\System32\msvcp_win.dll
0x00007ffda1f10000 - 0x00007ffda1f41000 	C:\WINDOWS\System32\IMM32.DLL
0x00007ffda04b0000 - 0x00007ffda0632000 	C:\Program Files\Avecto\Privilege Guard Client\PGHook.dll
0x00007ffda1360000 - 0x00007ffda1412000 	C:\WINDOWS\System32\ADVAPI32.dll
0x00007ffda3380000 - 0x00007ffda3429000 	C:\WINDOWS\System32\sechost.dll
0x00007ffda09e0000 - 0x00007ffda0a08000 	C:\WINDOWS\System32\bcrypt.dll
0x00007ffda1dd0000 - 0x00007ffda1ee4000 	C:\WINDOWS\System32\RPCRT4.dll
0x000000006a710000 - 0x000000006a782000 	C:\WINDOWS\System32\QIPCAP64.dll
0x00007ffda1f50000 - 0x00007ffda27af000 	C:\WINDOWS\System32\SHELL32.dll
0x00007ffd9edc0000 - 0x00007ffd9eeb8000 	C:\WINDOWS\SYSTEM32\DNSAPI.dll
0x00007ffd9ed90000 - 0x00007ffd9edbd000 	C:\WINDOWS\SYSTEM32\IPHLPAPI.DLL
0x00007ffda2a60000 - 0x00007ffda2a69000 	C:\WINDOWS\System32\NSI.dll
0x00007ffd82420000 - 0x00007ffd8242c000 	c:\Users\preeti.mallad\.vscode\extensions\redhat.java-1.32.0-win32-x64\jre\17.0.11-win32-x86_64\bin\vcruntime140_1.dll
0x00007ffd4a660000 - 0x00007ffd4a6ed000 	c:\Users\preeti.mallad\.vscode\extensions\redhat.java-1.32.0-win32-x64\jre\17.0.11-win32-x86_64\bin\msvcp140.dll
0x00007ffcef400000 - 0x00007ffcf0062000 	c:\Users\preeti.mallad\.vscode\extensions\redhat.java-1.32.0-win32-x64\jre\17.0.11-win32-x86_64\bin\server\jvm.dll
0x00007ffda0660000 - 0x00007ffda06ad000 	C:\WINDOWS\SYSTEM32\POWRPROF.dll
0x00007ffd7e0e0000 - 0x00007ffd7e0e9000 	C:\WINDOWS\SYSTEM32\WSOCK32.dll
0x00007ffda2f70000 - 0x00007ffda2fe1000 	C:\WINDOWS\System32\WS2_32.dll
0x00007ffd97c00000 - 0x00007ffd97c34000 	C:\WINDOWS\SYSTEM32\WINMM.dll
0x00007ffd9e7a0000 - 0x00007ffd9e7aa000 	C:\WINDOWS\SYSTEM32\VERSION.dll
0x00007ffda0640000 - 0x00007ffda0653000 	C:\WINDOWS\SYSTEM32\UMPDC.dll
0x00007ffd9f510000 - 0x00007ffd9f528000 	C:\WINDOWS\SYSTEM32\kernel.appcore.dll
0x00007ffd81cf0000 - 0x00007ffd81cfa000 	c:\Users\preeti.mallad\.vscode\extensions\redhat.java-1.32.0-win32-x64\jre\17.0.11-win32-x86_64\bin\jimage.dll
0x00007ffd9c9f0000 - 0x00007ffd9cc22000 	C:\WINDOWS\SYSTEM32\DBGHELP.DLL
0x00007ffda2ff0000 - 0x00007ffda3378000 	C:\WINDOWS\System32\combase.dll
0x0000023470360000 - 0x0000023470437000 	C:\WINDOWS\System32\OLEAUT32.dll
0x00007ffd84340000 - 0x00007ffd84372000 	C:\WINDOWS\SYSTEM32\dbgcore.DLL
0x00007ffda08c0000 - 0x00007ffda093b000 	C:\WINDOWS\System32\bcryptPrimitives.dll
0x00007ffd7f110000 - 0x00007ffd7f11e000 	c:\Users\preeti.mallad\.vscode\extensions\redhat.java-1.32.0-win32-x64\jre\17.0.11-win32-x86_64\bin\instrument.dll
0x00007ffd787f0000 - 0x00007ffd78815000 	c:\Users\preeti.mallad\.vscode\extensions\redhat.java-1.32.0-win32-x64\jre\17.0.11-win32-x86_64\bin\java.dll
0x00007ffd78ee0000 - 0x00007ffd78ef8000 	c:\Users\preeti.mallad\.vscode\extensions\redhat.java-1.32.0-win32-x64\jre\17.0.11-win32-x86_64\bin\zip.dll
0x00007ffd9de40000 - 0x00007ffd9e73c000 	C:\WINDOWS\SYSTEM32\windows.storage.dll
0x00007ffd9dc50000 - 0x00007ffd9dd8f000 	C:\WINDOWS\SYSTEM32\wintypes.dll
0x00007ffda1600000 - 0x00007ffda16f4000 	C:\WINDOWS\System32\SHCORE.dll
0x00007ffda1700000 - 0x00007ffda175e000 	C:\WINDOWS\System32\shlwapi.dll
0x00007ffda06d0000 - 0x00007ffda06f1000 	C:\WINDOWS\SYSTEM32\profapi.dll
0x00007ffd746a0000 - 0x00007ffd746b9000 	C:\Users\preeti.mallad\.vscode\extensions\redhat.java-1.32.0-win32-x64\jre\17.0.11-win32-x86_64\bin\net.dll
0x00007ffd9f530000 - 0x00007ffd9f666000 	C:\WINDOWS\SYSTEM32\WINHTTP.dll
0x00007ffd9fab0000 - 0x00007ffd9fb19000 	C:\WINDOWS\system32\mswsock.dll

dbghelp: loaded successfully - version: 4.0.5 - missing functions: none
symbol engine: initialized successfully - sym options: 0x614 - pdb path: .;c:\Users\preeti.mallad\.vscode\extensions\redhat.java-1.32.0-win32-x64\jre\17.0.11-win32-x86_64\bin;C:\WINDOWS\SYSTEM32;C:\WINDOWS\WinSxS\amd64_microsoft.windows.common-controls_6595b64144ccf1df_6.0.22621.3672_none_2713b9d173822955;C:\Program Files\Avecto\Privilege Guard Client;c:\Users\preeti.mallad\.vscode\extensions\redhat.java-1.32.0-win32-x64\jre\17.0.11-win32-x86_64\bin\server

VM Arguments:
jvm_args: --add-modules=ALL-SYSTEM --add-opens=java.base/java.util=ALL-UNNAMED --add-opens=java.base/java.lang=ALL-UNNAMED --add-opens=java.base/sun.nio.fs=ALL-UNNAMED -Declipse.application=org.eclipse.jdt.ls.core.id1 -Dosgi.bundles.defaultStartLevel=4 -Declipse.product=org.eclipse.jdt.ls.core.product -Djava.import.generatesMetadataFilesAtProjectRoot=false -DDetectVMInstallationsJob.disabled=true -Dfile.encoding=utf8 -XX:+UseParallelGC -XX:GCTimeRatio=4 -XX:AdaptiveSizePolicyWeight=90 -Dsun.zip.disableMemoryMapping=true -Xmx1G -Xms100m -Xlog:disable -javaagent:c:\Users\preeti.mallad\.vscode\extensions\redhat.java-1.32.0-win32-x64\lombok\lombok-1.18.33.jar -XX:+HeapDumpOnOutOfMemoryError -XX:HeapDumpPath=c:\Users\preeti.mallad\AppData\Roaming\Code\User\workspaceStorage\86b97f814361249c0c4b954cf3c78281\redhat.java -Daether.dependencyCollector.impl=bf 
java_command: c:\Users\preeti.mallad\.vscode\extensions\redhat.java-1.32.0-win32-x64\server\plugins\org.eclipse.equinox.launcher_1.6.900.v20240613-2009.jar -configuration c:\Users\preeti.mallad\AppData\Roaming\Code\User\globalStorage\redhat.java\1.32.0\config_win -data c:\Users\preeti.mallad\AppData\Roaming\Code\User\workspaceStorage\86b97f814361249c0c4b954cf3c78281\redhat.java\jdt_ws --pipe=\\.\pipe\lsp-116939300b11ca42ad646effb09feeb3-sock
java_class_path (initial): c:\Users\preeti.mallad\.vscode\extensions\redhat.java-1.32.0-win32-x64\server\plugins\org.eclipse.equinox.launcher_1.6.900.v20240613-2009.jar
Launcher Type: SUN_STANDARD

[Global flags]
    uintx AdaptiveSizePolicyWeight                 = 90                                        {product} {command line}
     intx CICompilerCount                          = 4                                         {product} {ergonomic}
    uintx GCTimeRatio                              = 4                                         {product} {command line}
     bool HeapDumpOnOutOfMemoryError               = true                                   {manageable} {command line}
    ccstr HeapDumpPath                             = c:\Users\preeti.mallad\AppData\Roaming\Code\User\workspaceStorage\86b97f814361249c0c4b954cf3c78281\redhat.java         {manageable} {command line}
   size_t InitialHeapSize                          = 104857600                                 {product} {command line}
   size_t MaxHeapSize                              = 1073741824                                {product} {command line}
   size_t MaxNewSize                               = 357564416                                 {product} {ergonomic}
   size_t MinHeapDeltaBytes                        = 524288                                    {product} {ergonomic}
   size_t MinHeapSize                              = 104857600                                 {product} {command line}
   size_t NewSize                                  = 34603008                                  {product} {ergonomic}
    uintx NonNMethodCodeHeapSize                   = 5839372                                {pd product} {ergonomic}
    uintx NonProfiledCodeHeapSize                  = 122909434                              {pd product} {ergonomic}
   size_t OldSize                                  = 70254592                                  {product} {ergonomic}
    uintx ProfiledCodeHeapSize                     = 122909434                              {pd product} {ergonomic}
    uintx ReservedCodeCacheSize                    = 251658240                              {pd product} {ergonomic}
     bool SegmentedCodeCache                       = true                                      {product} {ergonomic}
   size_t SoftMaxHeapSize                          = 1073741824                             {manageable} {ergonomic}
     bool UseCompressedClassPointers               = true                           {product lp64_product} {ergonomic}
     bool UseCompressedOops                        = true                           {product lp64_product} {ergonomic}
     bool UseLargePagesIndividualAllocation        = false                                  {pd product} {ergonomic}
     bool UseParallelGC                            = true                                      {product} {command line}

Logging:
Log output configuration:
 #0: stdout all=off uptime,level,tags
 #1: stderr all=off uptime,level,tags

Environment Variables:
JAVA_HOME=C:\Program Files\Java\jdk-21
PATH=C:\Program Files\Common Files\Oracle\Java\javapath;C:\Program Files (x86)\RSA SecurID Token Common;C:\Program Files\RSA SecurID Token Common;C:\Program Files (x86)\Common Files\Oracle\Java\javapath;C:\Program Files (x86)\Python38-32\Scripts\;C:\Program Files (x86)\Python38-32\;C:\WINDOWS\system32;C:\WINDOWS;C:\WINDOWS\System32\Wbem;C:\WINDOWS\System32\WindowsPowerShell\v1.0\;C:\WINDOWS\System32\OpenSSH\;C:\Program Files\nodejs\;c:\Program Files\TortoiseGit\bin;C:\Program Files\MongoDB\Server\4.2\bin;C:\Users\s.kakoty\AppData\Local\Programs\Python\Python38-32;C:\Program Files\Amazon\AWSCLIV2DevPreview\;C:\Project\Kubectl;C:\Program Files\PuTTY\;C:\Python27;C:\Python27\Scripts;C:\Program Files (x86)\Symantec\VIP Access Client\;C:\Program Files (x86)\Pulse Secure\VC142.CRT\X64\;C:\Program Files (x86)\Pulse Secure\VC142.CRT\X86\;C:\Program Files (x86)\Common Files\Pulse Secure\VC142.CRT\X64\;C:\Program Files (x86)\Common Files\Pulse Secure\VC142.CRT\X86\;C:\Program Files\dotnet\;C:\Program Files\Git\cmd;C:\Users\preeti.mallad\Downloads\apache-maven-3.9.8-bin\apache-maven-3.9.8\bin;C:\Program Files\RSA SecurID Token Common\;C:\Users\preeti.mallad\AppData\Local\Microsoft\WindowsApps;;C:\Users\preeti.mallad\AppData\Local\Programs\Microsoft VS Code\bin;%USERPROFILE%\AppData\Local\Microsoft\WindowsApps
USERNAME=preeti.mallad
OS=Windows_NT
PROCESSOR_IDENTIFIER=Intel64 Family 6 Model 142 Stepping 12, GenuineIntel
TMP=C:\Users\PREETI~1.MAL\AppData\Local\Temp
TEMP=C:\Users\PREETI~1.MAL\AppData\Local\Temp



Periodic native trim disabled


---------------  S Y S T E M  ---------------

OS:
 Windows 11 , 64 bit Build 22621 (10.0.22621.3672)
OS uptime: 3 days 7:47 hours
Hyper-V role detected

CPU: total 8 (initial active 8) (4 cores per cpu, 2 threads per core) family 6 model 142 stepping 12 microcode 0xfa, cx8, cmov, fxsr, ht, mmx, 3dnowpref, sse, sse2, sse3, ssse3, sse4.1, sse4.2, popcnt, lzcnt, tsc, tscinvbit, avx, avx2, aes, erms, clmul, bmi1, bmi2, adx, fma, vzeroupper, clflush, clflushopt, hv
Processor Information for all 8 processors :
  Max Mhz: 1896, Current Mhz: 1596, Mhz Limit: 1592

Memory: 4k page, system-wide physical 7998M (262M free)
TotalPageFile size 23030M (AvailPageFile size 39M)
current process WorkingSet (physical memory assigned to process): 33M, peak: 33M
current process commit charge ("private bytes"): 185M, peak: 185M

vm_info: OpenJDK 64-Bit Server VM (17.0.11+9) for windows-amd64 JRE (17.0.11+9), built on Apr 17 2024 06:07:48 by "admin" with MS VC++ 16.10 / 16.11 (VS2019)

END.
